17:57:24 INFO  : Registering command handlers for SDK TCF services
17:57:26 INFO  : Launching XSCT server: xsct -n -interactive /home/spereira/projects/PhD/ultra96_axiDMA/project_DMA/project_DMA.sdk/temp_xsdb_launch_script.tcl
17:57:30 INFO  : XSCT server has started successfully.
17:57:30 INFO  : Successfully done setting XSCT server connection channel  
17:57:31 INFO  : Successfully done setting SDK workspace  
18:21:27 INFO  : Registering command handlers for SDK TCF services
18:21:29 INFO  : Launching XSCT server: xsct -n -interactive /home/spereira/projects/PhD/ultra96_axiDMA/project_DMA/project_DMA.sdk/temp_xsdb_launch_script.tcl
18:21:31 INFO  : XSCT server has started successfully.
18:21:31 INFO  : Successfully done setting XSCT server connection channel  
18:21:31 INFO  : Successfully done setting SDK workspace  
18:21:52 INFO  : Registering command handlers for SDK TCF services
18:21:54 INFO  : Launching XSCT server: xsct -n -interactive /home/spereira/projects/PhD/ultra96_axiDMA/project_DMA/project_DMA.sdk/temp_xsdb_launch_script.tcl
18:21:56 INFO  : XSCT server has started successfully.
18:21:56 INFO  : Successfully done setting XSCT server connection channel  
18:21:56 INFO  : Successfully done setting SDK workspace  
18:21:56 INFO  : Processing command line option -hwspec /home/spereira/projects/PhD/ultra96_axiDMA/project_DMA/project_DMA.sdk/design_1_wrapper.hdf.
18:22:58 INFO  : Launching XSCT server: xsct -n -interactive /home/spereira/projects/PhD/ultra96_axiDMA/project_DMA/project_DMA.sdk/temp_xsdb_launch_script.tcl
18:23:00 INFO  : XSCT server has started successfully.
18:23:06 INFO  : Successfully done setting XSCT server connection channel  
18:23:06 INFO  : Successfully done setting SDK workspace  
18:23:10 INFO  : Registering command handlers for SDK TCF services
18:24:18 INFO  : Refreshed build settings on project hello_world
18:30:58 INFO  : Invoking Bootgen: bootgen -image hello_world.bif -arch zynqmp -o /home/spereira/projects/PhD/ultra96_axiDMA/project_DMA/project_DMA.sdk/hello_world/bootimage/BOOT.bin
18:30:58 INFO  : Creating new bif file /home/spereira/projects/PhD/ultra96_axiDMA/project_DMA/project_DMA.sdk/hello_world/bootimage/hello_world.bif
18:31:00 INFO  : Bootgen command execution is done.
18:36:05 INFO  : Refreshed build settings on project Ultra96_FSBL
18:42:21 INFO  : Invoking Bootgen: bootgen -image axidma.bif -arch zynqmp -o /home/spereira/projects/PhD/ultra96_axiDMA/project_DMA/project_DMA.sdk/axidma/bootimage/BOOT.bin
18:42:21 INFO  : Creating new bif file /home/spereira/projects/PhD/ultra96_axiDMA/project_DMA/project_DMA.sdk/axidma/bootimage/axidma.bif
18:42:23 INFO  : Bootgen command execution is done.
11:56:56 INFO  : Registering command handlers for SDK TCF services
11:56:58 INFO  : Launching XSCT server: xsct -n -interactive /home/spereira/projects/PhD/ultra96_axiDMA/project_DMA/project_DMA.sdk/temp_xsdb_launch_script.tcl
11:57:02 INFO  : XSCT server has started successfully.
11:57:03 INFO  : Successfully done setting XSCT server connection channel  
11:57:03 INFO  : Successfully done setting SDK workspace  
